# JRE version: OpenJDK Runtime Environment (21.0.2+13) (build 21.0.2+13-58)
# Java VM: OpenJDK 64-Bit Server VM (21.0.2+13-58, mixed mode, sharing, tiered, compressed oops, compressed class ptrs, g1 gc, windows-amd64)
GC Precious Log:
 CardTable entry size: 512
 Card Set container configuration: InlinePtr #cards 4 size 8 Array Of Cards #cards 32 size 80 Howl #buckets 8 coarsen threshold 7372 Howl Bitmap #cards 1024 size 144 coarsen threshold 921 Card regions per heap region 1 cards per card region 8192
 CPUs: 24 total, 24 available
 Memory: 31894M
 Large Page Support: Disabled
 NUMA Support: Disabled
 Compressed Oops: Enabled (Zero based)
 Heap Region Size: 4M
 Heap Min Capacity: 8M
 Heap Initial Capacity: 500M
 Heap Max Capacity: 7976M
 Pre-touch: Disabled
 Parallel Workers: 18
 Concurrent Workers: 5
 Concurrent Refinement Workers: 18
 Periodic GC: Disabled
Heap:
 garbage-first heap   total 970752K, used 546133K [0x000000060d800000, 0x0000000800000000)
  region size 4096K, 25 young (102400K), 2 survivors (8192K)
 Metaspace       used 117296K, committed 120256K, reserved 1179648K
  class space    used 12924K, committed 14208K, reserved 1048576K
GC Heap History (20 events):
Event: 226.636 GC heap before
{Heap before GC invocations=91 (full 0):
 garbage-first heap   total 937984K, used 496440K [0x000000060d800000, 0x0000000800000000)
  region size 4096K, 29 young (118784K), 6 survivors (24576K)
 Metaspace       used 116467K, committed 119360K, reserved 1179648K
  class space    used 12900K, committed 14144K, reserved 1048576K
}
Event: 226.639 GC heap after
{Heap after GC invocations=92 (full 0):
 garbage-first heap   total 937984K, used 421081K [0x000000060d800000, 0x0000000800000000)
  region size 4096K, 9 young (36864K), 9 survivors (36864K)
 Metaspace       used 116467K, committed 119360K, reserved 1179648K
  class space    used 12900K, committed 14144K, reserved 1048576K
}
Event: 232.218 GC heap before
{Heap before GC invocations=93 (full 0):
 garbage-first heap   total 937984K, used 859353K [0x000000060d800000, 0x0000000800000000)
  region size 4096K, 113 young (462848K), 9 survivors (36864K)
 Metaspace       used 116737K, committed 119680K, reserved 1179648K
  class space    used 12907K, committed 14144K, reserved 1048576K
}
Event: 232.225 GC heap after
{Heap after GC invocations=94 (full 0):
 garbage-first heap   total 937984K, used 473716K [0x000000060d800000, 0x0000000800000000)
  region size 4096K, 15 young (61440K), 15 survivors (61440K)
 Metaspace       used 116737K, committed 119680K, reserved 1179648K
  class space    used 12907K, committed 14144K, reserved 1048576K
}
Event: 239.707 GC heap before
{Heap before GC invocations=94 (full 0):
 garbage-first heap   total 937984K, used 838260K [0x000000060d800000, 0x0000000800000000)
  region size 4096K, 101 young (413696K), 15 survivors (61440K)
 Metaspace       used 116822K, committed 119744K, reserved 1179648K
  class space    used 12907K, committed 14144K, reserved 1048576K
}
Event: 239.715 GC heap after
{Heap after GC invocations=95 (full 0):
 garbage-first heap   total 937984K, used 486455K [0x000000060d800000, 0x0000000800000000)
  region size 4096K, 10 young (40960K), 10 survivors (40960K)
 Metaspace       used 116822K, committed 119744K, reserved 1179648K
  class space    used 12907K, committed 14144K, reserved 1048576K
}
Event: 243.456 GC heap before
{Heap before GC invocations=95 (full 0):
 garbage-first heap   total 937984K, used 560183K [0x000000060d800000, 0x0000000800000000)
  region size 4096K, 30 young (122880K), 10 survivors (40960K)
 Metaspace       used 116830K, committed 119744K, reserved 1179648K
  class space    used 12908K, committed 14144K, reserved 1048576K
}
Event: 243.460 GC heap after
{Heap after GC invocations=96 (full 0):
 garbage-first heap   total 937984K, used 500196K [0x000000060d800000, 0x0000000800000000)
  region size 4096K, 4 young (16384K), 4 survivors (16384K)
 Metaspace       used 116830K, committed 119744K, reserved 1179648K
  class space    used 12908K, committed 14144K, reserved 1048576K
}
Event: 252.479 GC heap before
{Heap before GC invocations=97 (full 0):
 garbage-first heap   total 937984K, used 864740K [0x000000060d800000, 0x0000000800000000)
  region size 4096K, 94 young (385024K), 4 survivors (16384K)
 Metaspace       used 116878K, committed 119808K, reserved 1179648K
  class space    used 12908K, committed 14208K, reserved 1048576K
}
Event: 252.486 GC heap after
{Heap after GC invocations=98 (full 0):
 garbage-first heap   total 937984K, used 544394K [0x000000060d800000, 0x0000000800000000)
  region size 4096K, 12 young (49152K), 12 survivors (49152K)
 Metaspace       used 116878K, committed 119808K, reserved 1179648K
  class space    used 12908K, committed 14208K, reserved 1048576K
}
Event: 259.091 GC heap before
{Heap before GC invocations=98 (full 0):
 garbage-first heap   total 937984K, used 835210K [0x000000060d800000, 0x0000000800000000)
  region size 4096K, 84 young (344064K), 12 survivors (49152K)
 Metaspace       used 117021K, committed 120000K, reserved 1179648K
  class space    used 12917K, committed 14208K, reserved 1048576K
}
Event: 259.096 GC heap after
{Heap after GC invocations=99 (full 0):
 garbage-first heap   total 937984K, used 526579K [0x000000060d800000, 0x0000000800000000)
  region size 4096K, 3 young (12288K), 3 survivors (12288K)
 Metaspace       used 117021K, committed 120000K, reserved 1179648K
  class space    used 12917K, committed 14208K, reserved 1048576K
}
Event: 260.233 GC heap before
{Heap before GC invocations=99 (full 0):
 garbage-first heap   total 937984K, used 563443K [0x000000060d800000, 0x0000000800000000)
  region size 4096K, 14 young (57344K), 3 survivors (12288K)
 Metaspace       used 117057K, committed 120000K, reserved 1179648K
  class space    used 12917K, committed 14208K, reserved 1048576K
}
Event: 260.236 GC heap after
{Heap after GC invocations=100 (full 0):
 garbage-first heap   total 937984K, used 537858K [0x000000060d800000, 0x0000000800000000)
  region size 4096K, 6 young (24576K), 6 survivors (24576K)
 Metaspace       used 117057K, committed 120000K, reserved 1179648K
  class space    used 12917K, committed 14208K, reserved 1048576K
}
Event: 265.235 GC heap before
{Heap before GC invocations=101 (full 0):
 garbage-first heap   total 970752K, used 804098K [0x000000060d800000, 0x0000000800000000)
  region size 4096K, 83 young (339968K), 6 survivors (24576K)
 Metaspace       used 117210K, committed 120192K, reserved 1179648K
  class space    used 12921K, committed 14208K, reserved 1048576K
}
Event: 265.240 GC heap after
{Heap after GC invocations=102 (full 0):
 garbage-first heap   total 970752K, used 512687K [0x000000060d800000, 0x0000000800000000)
  region size 4096K, 11 young (45056K), 11 survivors (45056K)
 Metaspace       used 117210K, committed 120192K, reserved 1179648K
  class space    used 12921K, committed 14208K, reserved 1048576K
}
Event: 269.288 GC heap before
{Heap before GC invocations=102 (full 0):
 garbage-first heap   total 970752K, used 877231K [0x000000060d800000, 0x0000000800000000)
  region size 4096K, 97 young (397312K), 11 survivors (45056K)
 Metaspace       used 117266K, committed 120256K, reserved 1179648K
  class space    used 12923K, committed 14208K, reserved 1048576K
}
Event: 269.295 GC heap after
{Heap after GC invocations=103 (full 0):
 garbage-first heap   total 970752K, used 501273K [0x000000060d800000, 0x0000000800000000)
  region size 4096K, 11 young (45056K), 11 survivors (45056K)
 Metaspace       used 117266K, committed 120256K, reserved 1179648K
  class space    used 12923K, committed 14208K, reserved 1048576K
}
Event: 280.564 GC heap before
{Heap before GC invocations=103 (full 0):
 garbage-first heap   total 970752K, used 853529K [0x000000060d800000, 0x0000000800000000)
  region size 4096K, 97 young (397312K), 11 survivors (45056K)
 Metaspace       used 117288K, committed 120256K, reserved 1179648K
  class space    used 12923K, committed 14208K, reserved 1048576K
}
Event: 280.568 GC heap after
{Heap after GC invocations=104 (full 0):
 garbage-first heap   total 970752K, used 505173K [0x000000060d800000, 0x0000000800000000)
  region size 4096K, 2 young (8192K), 2 survivors (8192K)
 Metaspace       used 117288K, committed 120256K, reserved 1179648K
  class space    used 12923K, committed 14208K, reserved 1048576K
}

